<?xml version="1.0" encoding="UTF-8"?>
<!-- Generated by org.testng.reporters.JUnitXMLReporter -->
<testsuite ignored="0" hostname="LAPTOP-ICP884RE" failures="1" tests="2" name="Login Test" time="32.651" errors="0" timestamp="2023-01-31T23:27:10 IST">
  <testcase classname="Assgmnt.FrmwrkMag.Tests.AppLogin" name="appLogin" time="5.655">
    <failure type="java.lang.ArrayIndexOutOfBoundsException" message="Index 1 out of bounds for length 1">
      <![CDATA[java.lang.ArrayIndexOutOfBoundsException: Index 1 out of bounds for length 1
at Assgmnt.FrmwrkMag.PgObj.login.succSignName(login.java:77)
at Assgmnt.FrmwrkMag.Tests.AppLogin.appLogin(AppLogin.java:18)
at java.base/java.util.ArrayList.forEach(ArrayList.java:1511)
... Removed 27 stack frames]]>
    </failure>
  </testcase> <!-- appLogin -->
  <testcase classname="Assgmnt.FrmwrkMag.Tests.AppLogin" name="invalidLogin" time="7.535"/>
</testsuite> <!-- Login Test -->
